Base path: C:/Program Files/Unity/Editor/Data
Cmd: initializeCompiler
Cmd: preprocess
  insize=1494 outsize=2188 ok=1
Cmd: preprocess
  insize=2091 outsize=1189 ok=1
Cmd: preprocess
  insize=2439 outsize=1191 ok=1
Cmd: preprocess
  insize=1871 outsize=2330 ok=1
Cmd: preprocess
  insize=1675 outsize=2303 ok=1
Cmd: preprocess
  insize=3951 outsize=1213 ok=1
Cmd: preprocess
  insize=3088 outsize=1500 ok=1
Cmd: preprocess
  insize=3460 outsize=1597 ok=1
Cmd: preprocess
  insize=3195 outsize=1158 ok=1
Cmd: preprocess
  insize=2338 outsize=2200 ok=1
Cmd: preprocess
  insize=2066 outsize=2234 ok=1
Cmd: preprocess
  insize=4004 outsize=2343 ok=1
Cmd: preprocess
  insize=2051 outsize=1252 ok=1
Cmd: preprocess
  insize=2576 outsize=2191 ok=1
Cmd: preprocess
  insize=2451 outsize=2304 ok=1
Cmd: preprocess
  insize=2139 outsize=2394 ok=1
Cmd: preprocess
  insize=3261 outsize=1305 ok=1
Cmd: preprocess
  insize=2510 outsize=2454 ok=1
Cmd: preprocess
  insize=1841 outsize=2378 ok=1
Cmd: preprocess
  insize=1725 outsize=2333 ok=1
Cmd: preprocess
  insize=2965 outsize=1233 ok=1
Cmd: preprocess
  insize=3884 outsize=2344 ok=1
Cmd: preprocess
  insize=3245 outsize=2235 ok=1
Cmd: preprocess
  insize=1727 outsize=1099 ok=1
Cmd: preprocess
  insize=1859 outsize=1153 ok=1
Cmd: preprocess
  insize=1844 outsize=2275 ok=1
Cmd: preprocess
  insize=3720 outsize=1173 ok=1
Cmd: preprocess
  insize=1903 outsize=1228 ok=1
Cmd: preprocess
  insize=1898 outsize=1223 ok=1
Cmd: preprocess
  insize=2562 outsize=2227 ok=1
Cmd: preprocess
  insize=2814 outsize=1199 ok=1
Cmd: preprocess
  insize=1600 outsize=2155 ok=1
Cmd: preprocess
  insize=1988 outsize=1153 ok=1
Cmd: preprocess
  insize=3560 outsize=2270 ok=1
Cmd: preprocess
  insize=2725 outsize=2667 ok=1
Cmd: preprocess
  insize=2652 outsize=1373 ok=1
Cmd: preprocess
  insize=2249 outsize=1284 ok=1
Cmd: preprocess
  insize=3230 outsize=1442 ok=1
Cmd: preprocess
  insize=2147 outsize=1352 ok=1
Cmd: preprocess
  insize=2603 outsize=2570 ok=1
Cmd: preprocess
  insize=3567 outsize=2269 ok=1
Cmd: preprocess
  insize=2434 outsize=1294 ok=1
Cmd: preprocess
  insize=1740 outsize=2230 ok=1
Cmd: preprocess
  insize=2881 outsize=1494 ok=1
Cmd: preprocess
  insize=2475 outsize=2456 ok=1
Cmd: preprocess
  insize=1353 outsize=2143 ok=1
Cmd: preprocess
  insize=2277 outsize=2488 ok=1
Cmd: preprocess
  insize=2107 outsize=2591 ok=1
Cmd: preprocess
  insize=2567 outsize=1156 ok=1
Cmd: preprocess
  insize=2474 outsize=1253 ok=1
Cmd: preprocess
  insize=1975 outsize=1152 ok=1
Cmd: preprocess
  insize=2540 outsize=2196 ok=1
Cmd: preprocess
  insize=3362 outsize=1222 ok=1
Cmd: preprocess
  insize=1540 outsize=2237 ok=1
Cmd: preprocess
  insize=2930 outsize=2561 ok=1
Cmd: preprocess
  insize=2467 outsize=1389 ok=1
Cmd: preprocess
  insize=2458 outsize=1380 ok=1
Cmd: preprocess
  insize=1888 outsize=1163 ok=1
Cmd: preprocess
  insize=2352 outsize=2291 ok=1
Cmd: preprocess
  insize=3269 outsize=1311 ok=1
Cmd: preprocess
  insize=2057 outsize=2284 ok=1
Cmd: preprocess
  insize=2612 outsize=1158 ok=1
Cmd: preprocess
  insize=1999 outsize=1248 ok=1
Cmd: preprocess
  insize=2381 outsize=1312 ok=1
Cmd: preprocess
  insize=2535 outsize=1184 ok=1
Cmd: preprocess
  insize=1910 outsize=1153 ok=1
Cmd: preprocess
  insize=2546 outsize=2258 ok=1
Cmd: preprocess
  insize=1534 outsize=2193 ok=1
Cmd: preprocess
  insize=1965 outsize=2332 ok=1
Cmd: preprocess
  insize=1707 outsize=2241 ok=1
Cmd: preprocess
  insize=2434 outsize=1157 ok=1
Cmd: preprocess
  insize=1991 outsize=1160 ok=1
Cmd: preprocess
  insize=2312 outsize=1155 ok=1
Cmd: preprocess
  insize=1845 outsize=2352 ok=1
Cmd: preprocess
  insize=3404 outsize=1598 ok=1
Cmd: preprocess
  insize=2676 outsize=2371 ok=1
Cmd: preprocess
  insize=1818 outsize=2268 ok=1
Cmd: preprocess
  insize=2384 outsize=1502 ok=1
Cmd: preprocess
  insize=1688 outsize=2233 ok=1
Cmd: preprocess
  insize=3248 outsize=2236 ok=1
Cmd: preprocess
  insize=1878 outsize=1145 ok=1
Cmd: preprocess
  insize=2888 outsize=1502 ok=1
Cmd: preprocess
  insize=813 outsize=813 ok=1
Cmd: preprocess
  insize=1901 outsize=1154 ok=1
Cmd: preprocess
  insize=4141 outsize=1263 ok=1
Cmd: preprocess
  insize=1956 outsize=2445 ok=1
Cmd: preprocess
  insize=1611 outsize=2230 ok=1
Cmd: preprocess
  insize=1800 outsize=1143 ok=1
Cmd: preprocess
  insize=2125 outsize=2236 ok=1
Cmd: preprocess
  insize=2611 outsize=2567 ok=1
Cmd: preprocess
  insize=2961 outsize=2599 ok=1
Cmd: preprocess
  insize=2467 outsize=2274 ok=1
Cmd: preprocess
  insize=2844 outsize=1287 ok=1
Cmd: preprocess
  insize=2120 outsize=1195 ok=1
Cmd: preprocess
  insize=2593 outsize=2447 ok=1
Cmd: preprocess
  insize=2733 outsize=1221 ok=1
Cmd: preprocess
  insize=2126 outsize=1354 ok=1
Cmd: preprocess
  insize=1686 outsize=2233 ok=1
Cmd: preprocess
  insize=2546 outsize=2303 ok=1
Cmd: preprocess
  insize=2536 outsize=1207 ok=1
Cmd: preprocess
  insize=1688 outsize=2290 ok=1
Cmd: preprocess
  insize=3115 outsize=2299 ok=1
Cmd: preprocess
  insize=3001 outsize=1354 ok=1
Cmd: preprocess
  insize=1538 outsize=2146 ok=1
Cmd: preprocess
  insize=2739 outsize=1505 ok=1
Cmd: preprocess
  insize=2151 outsize=1356 ok=1
Cmd: preprocess
  insize=2672 outsize=1266 ok=1
Cmd: preprocess
  insize=2223 outsize=2237 ok=1
Cmd: preprocess
  insize=2804 outsize=2561 ok=1
Cmd: preprocess
  insize=2056 outsize=1304 ok=1
Cmd: preprocess
  insize=2297 outsize=2376 ok=1
Cmd: preprocess
  insize=2038 outsize=1186 ok=1
Cmd: preprocess
  insize=2216 outsize=2329 ok=1
Cmd: preprocess
  insize=2752 outsize=2375 ok=1
Cmd: preprocess
  insize=2628 outsize=1375 ok=1
Cmd: preprocess
  insize=2780 outsize=1153 ok=1
Cmd: preprocess
  insize=2960 outsize=1228 ok=1
Cmd: preprocess
  insize=2334 outsize=1162 ok=1
Cmd: preprocess
  insize=2586 outsize=1223 ok=1
Cmd: preprocess
  insize=2488 outsize=2296 ok=1
Cmd: preprocess
  insize=2077 outsize=2240 ok=1
Cmd: preprocess
  insize=3479 outsize=2306 ok=1
Cmd: preprocess
  insize=2511 outsize=1232 ok=1
Cmd: preprocess
  insize=2713 outsize=1373 ok=1
Cmd: preprocess
  insize=2996 outsize=1498 ok=1
Cmd: preprocess
  insize=2758 outsize=1153 ok=1
Cmd: preprocess
  insize=2871 outsize=1608 ok=1
Cmd: preprocess
  insize=3047 outsize=1156 ok=1
Cmd: preprocess
  insize=2915 outsize=2439 ok=1
Cmd: preprocess
  insize=2492 outsize=2347 ok=1
Cmd: preprocess
  insize=2291 outsize=1201 ok=1
Cmd: preprocess
  insize=2525 outsize=1318 ok=1
Cmd: preprocess
  insize=2122 outsize=1269 ok=1
Cmd: preprocess
  insize=2989 outsize=1291 ok=1
Cmd: preprocess
  insize=2856 outsize=1117 ok=1
Cmd: preprocess
  insize=3542 outsize=1156 ok=1
Cmd: preprocess
  insize=3680 outsize=1189 ok=1
Cmd: preprocess
  insize=3241 outsize=2236 ok=1
Cmd: preprocess
  insize=2339 outsize=2404 ok=1
Cmd: preprocess
  insize=2230 outsize=2269 ok=1
Cmd: preprocess
  insize=2733 outsize=1508 ok=1
Cmd: preprocess
  insize=2308 outsize=2314 ok=1
Cmd: preprocess
  insize=3878 outsize=1262 ok=1
Cmd: preprocess
  insize=3464 outsize=1154 ok=1
Cmd: preprocess
  insize=3495 outsize=1155 ok=1
Cmd: preprocess
  insize=2158 outsize=1268 ok=1
Cmd: preprocess
  insize=4347 outsize=1154 ok=1
Cmd: preprocess
  insize=2723 outsize=1193 ok=1
Cmd: preprocess
  insize=2804 outsize=1221 ok=1
Cmd: compileSnippet
  api=4 type=0 insize=13751 outsize=1818 kw=DIRECTIONAL LIGHTPROBE_SH pd=UNITY_ENABLE_REFLECTION_BUFFERS UNITY_USE_DITHER_MASK_FOR_ALPHABLENDED_SHADOWS UNITY_PBS_USE_BRDF1 UNITY_SPECCUBE_BOX_PROJECTION UNITY_SPECCUBE_BLENDING UNITY_ENABLE_DETAIL_NORMALMAP SHADER_API_DESKTOP UNITY_COLORSPACE_GAMMA UNITY_LIGHT_PROBE_PROXY_VOLUME UNITY_LIGHTMAP_RGBM_ENCODING ok=1
Cmd: compileSnippet
  api=4 type=1 insize=13751 outsize=1262 kw=DIRECTIONAL LIGHTPROBE_SH pd=UNITY_ENABLE_REFLECTION_BUFFERS UNITY_USE_DITHER_MASK_FOR_ALPHABLENDED_SHADOWS UNITY_PBS_USE_BRDF1 UNITY_SPECCUBE_BOX_PROJECTION UNITY_SPECCUBE_BLENDING UNITY_ENABLE_DETAIL_NORMALMAP SHADER_API_DESKTOP UNITY_COLORSPACE_GAMMA UNITY_LIGHT_PROBE_PROXY_VOLUME UNITY_LIGHTMAP_RGBM_ENCODING ok=1
Cmd: compileSnippet
  api=4 type=0 insize=3903 outsize=1150 kw=DIRECTIONAL pd=UNITY_ENABLE_REFLECTION_BUFFERS UNITY_USE_DITHER_MASK_FOR_ALPHABLENDED_SHADOWS UNITY_PBS_USE_BRDF1 UNITY_SPECCUBE_BOX_PROJECTION UNITY_SPECCUBE_BLENDING UNITY_ENABLE_DETAIL_NORMALMAP SHADER_API_DESKTOP UNITY_COLORSPACE_GAMMA UNITY_LIGHT_PROBE_PROXY_VOLUME UNITY_LIGHTMAP_RGBM_ENCODING ok=1
Cmd: compileSnippet
  api=4 type=1 insize=3903 outsize=1190 kw=DIRECTIONAL pd=UNITY_ENABLE_REFLECTION_BUFFERS UNITY_USE_DITHER_MASK_FOR_ALPHABLENDED_SHADOWS UNITY_PBS_USE_BRDF1 UNITY_SPECCUBE_BOX_PROJECTION UNITY_SPECCUBE_BLENDING UNITY_ENABLE_DETAIL_NORMALMAP SHADER_API_DESKTOP UNITY_COLORSPACE_GAMMA UNITY_LIGHT_PROBE_PROXY_VOLUME UNITY_LIGHTMAP_RGBM_ENCODING ok=1
Cmd: compileSnippet
  api=4 type=0 insize=14819 outsize=1862 kw=DIRECTIONAL LIGHTPROBE_SH pd=UNITY_ENABLE_REFLECTION_BUFFERS UNITY_USE_DITHER_MASK_FOR_ALPHABLENDED_SHADOWS UNITY_PBS_USE_BRDF1 UNITY_SPECCUBE_BOX_PROJECTION UNITY_SPECCUBE_BLENDING UNITY_ENABLE_DETAIL_NORMALMAP SHADER_API_DESKTOP UNITY_COLORSPACE_GAMMA UNITY_LIGHT_PROBE_PROXY_VOLUME UNITY_LIGHTMAP_RGBM_ENCODING ok=1
Cmd: compileSnippet
  api=4 type=1 insize=14819 outsize=1362 kw=DIRECTIONAL LIGHTPROBE_SH pd=UNITY_ENABLE_REFLECTION_BUFFERS UNITY_USE_DITHER_MASK_FOR_ALPHABLENDED_SHADOWS UNITY_PBS_USE_BRDF1 UNITY_SPECCUBE_BOX_PROJECTION UNITY_SPECCUBE_BLENDING UNITY_ENABLE_DETAIL_NORMALMAP SHADER_API_DESKTOP UNITY_COLORSPACE_GAMMA UNITY_LIGHT_PROBE_PROXY_VOLUME UNITY_LIGHTMAP_RGBM_ENCODING ok=1
Cmd: compileSnippet
  api=4 type=0 insize=4266 outsize=1150 kw=DIRECTIONAL pd=UNITY_ENABLE_REFLECTION_BUFFERS UNITY_USE_DITHER_MASK_FOR_ALPHABLENDED_SHADOWS UNITY_PBS_USE_BRDF1 UNITY_SPECCUBE_BOX_PROJECTION UNITY_SPECCUBE_BLENDING UNITY_ENABLE_DETAIL_NORMALMAP SHADER_API_DESKTOP UNITY_COLORSPACE_GAMMA UNITY_LIGHT_PROBE_PROXY_VOLUME UNITY_LIGHTMAP_RGBM_ENCODING ok=1
Cmd: compileSnippet
  api=4 type=1 insize=4266 outsize=1190 kw=DIRECTIONAL pd=UNITY_ENABLE_REFLECTION_BUFFERS UNITY_USE_DITHER_MASK_FOR_ALPHABLENDED_SHADOWS UNITY_PBS_USE_BRDF1 UNITY_SPECCUBE_BOX_PROJECTION UNITY_SPECCUBE_BLENDING UNITY_ENABLE_DETAIL_NORMALMAP SHADER_API_DESKTOP UNITY_COLORSPACE_GAMMA UNITY_LIGHT_PROBE_PROXY_VOLUME UNITY_LIGHTMAP_RGBM_ENCODING ok=1
Cmd: compileSnippet
  api=4 type=0 insize=14835 outsize=2446 kw=DIRECTIONAL LIGHTPROBE_SH pd=UNITY_ENABLE_REFLECTION_BUFFERS UNITY_USE_DITHER_MASK_FOR_ALPHABLENDED_SHADOWS UNITY_PBS_USE_BRDF1 UNITY_SPECCUBE_BOX_PROJECTION UNITY_SPECCUBE_BLENDING UNITY_ENABLE_DETAIL_NORMALMAP SHADER_API_DESKTOP UNITY_COLORSPACE_GAMMA UNITY_LIGHT_PROBE_PROXY_VOLUME UNITY_LIGHTMAP_RGBM_ENCODING ok=1
Cmd: compileSnippet
  api=4 type=1 insize=14835 outsize=1778 kw=DIRECTIONAL LIGHTPROBE_SH pd=UNITY_ENABLE_REFLECTION_BUFFERS UNITY_USE_DITHER_MASK_FOR_ALPHABLENDED_SHADOWS UNITY_PBS_USE_BRDF1 UNITY_SPECCUBE_BOX_PROJECTION UNITY_SPECCUBE_BLENDING UNITY_ENABLE_DETAIL_NORMALMAP SHADER_API_DESKTOP UNITY_COLORSPACE_GAMMA UNITY_LIGHT_PROBE_PROXY_VOLUME UNITY_LIGHTMAP_RGBM_ENCODING ok=1
Cmd: compileSnippet
  api=4 type=0 insize=5108 outsize=1774 kw=DIRECTIONAL pd=UNITY_ENABLE_REFLECTION_BUFFERS UNITY_USE_DITHER_MASK_FOR_ALPHABLENDED_SHADOWS UNITY_PBS_USE_BRDF1 UNITY_SPECCUBE_BOX_PROJECTION UNITY_SPECCUBE_BLENDING UNITY_ENABLE_DETAIL_NORMALMAP SHADER_API_DESKTOP UNITY_COLORSPACE_GAMMA UNITY_LIGHT_PROBE_PROXY_VOLUME UNITY_LIGHTMAP_RGBM_ENCODING ok=1
Cmd: compileSnippet
  api=4 type=1 insize=5108 outsize=1682 kw=DIRECTIONAL pd=UNITY_ENABLE_REFLECTION_BUFFERS UNITY_USE_DITHER_MASK_FOR_ALPHABLENDED_SHADOWS UNITY_PBS_USE_BRDF1 UNITY_SPECCUBE_BOX_PROJECTION UNITY_SPECCUBE_BLENDING UNITY_ENABLE_DETAIL_NORMALMAP SHADER_API_DESKTOP UNITY_COLORSPACE_GAMMA UNITY_LIGHT_PROBE_PROXY_VOLUME UNITY_LIGHTMAP_RGBM_ENCODING ok=1
Cmd: compileSnippet
  api=4 type=0 insize=936 outsize=1414 kw=SHADOWS_DEPTH pd=UNITY_ENABLE_REFLECTION_BUFFERS UNITY_USE_DITHER_MASK_FOR_ALPHABLENDED_SHADOWS UNITY_PBS_USE_BRDF1 UNITY_SPECCUBE_BOX_PROJECTION UNITY_SPECCUBE_BLENDING UNITY_ENABLE_DETAIL_NORMALMAP SHADER_API_DESKTOP UNITY_COLORSPACE_GAMMA UNITY_LIGHT_PROBE_PROXY_VOLUME UNITY_LIGHTMAP_RGBM_ENCODING ok=1
Cmd: compileSnippet
  api=4 type=1 insize=936 outsize=218 kw=SHADOWS_DEPTH pd=UNITY_ENABLE_REFLECTION_BUFFERS UNITY_USE_DITHER_MASK_FOR_ALPHABLENDED_SHADOWS UNITY_PBS_USE_BRDF1 UNITY_SPECCUBE_BOX_PROJECTION UNITY_SPECCUBE_BLENDING UNITY_ENABLE_DETAIL_NORMALMAP SHADER_API_DESKTOP UNITY_COLORSPACE_GAMMA UNITY_LIGHT_PROBE_PROXY_VOLUME UNITY_LIGHTMAP_RGBM_ENCODING ok=1
Cmd: compileSnippet
  api=4 type=0 insize=14021 outsize=1818 kw=DIRECTIONAL LIGHTPROBE_SH pd=UNITY_ENABLE_REFLECTION_BUFFERS UNITY_USE_DITHER_MASK_FOR_ALPHABLENDED_SHADOWS UNITY_PBS_USE_BRDF1 UNITY_SPECCUBE_BOX_PROJECTION UNITY_SPECCUBE_BLENDING UNITY_ENABLE_DETAIL_NORMALMAP SHADER_API_DESKTOP UNITY_COLORSPACE_GAMMA UNITY_LIGHT_PROBE_PROXY_VOLUME UNITY_LIGHTMAP_RGBM_ENCODING ok=1
Cmd: compileSnippet
  api=4 type=1 insize=14021 outsize=1230 kw=DIRECTIONAL LIGHTPROBE_SH pd=UNITY_ENABLE_REFLECTION_BUFFERS UNITY_USE_DITHER_MASK_FOR_ALPHABLENDED_SHADOWS UNITY_PBS_USE_BRDF1 UNITY_SPECCUBE_BOX_PROJECTION UNITY_SPECCUBE_BLENDING UNITY_ENABLE_DETAIL_NORMALMAP SHADER_API_DESKTOP UNITY_COLORSPACE_GAMMA UNITY_LIGHT_PROBE_PROXY_VOLUME UNITY_LIGHTMAP_RGBM_ENCODING ok=1
Cmd: compileSnippet
  api=4 type=0 insize=2552 outsize=790 kw= pd=UNITY_ENABLE_REFLECTION_BUFFERS UNITY_USE_DITHER_MASK_FOR_ALPHABLENDED_SHADOWS UNITY_PBS_USE_BRDF1 UNITY_SPECCUBE_BOX_PROJECTION UNITY_SPECCUBE_BLENDING UNITY_ENABLE_DETAIL_NORMALMAP SHADER_API_DESKTOP UNITY_COLORSPACE_GAMMA UNITY_LIGHT_PROBE_PROXY_VOLUME UNITY_LIGHTMAP_RGBM_ENCODING ok=1
Cmd: compileSnippet
  api=4 type=1 insize=2552 outsize=422 kw= pd=UNITY_ENABLE_REFLECTION_BUFFERS UNITY_USE_DITHER_MASK_FOR_ALPHABLENDED_SHADOWS UNITY_PBS_USE_BRDF1 UNITY_SPECCUBE_BOX_PROJECTION UNITY_SPECCUBE_BLENDING UNITY_ENABLE_DETAIL_NORMALMAP SHADER_API_DESKTOP UNITY_COLORSPACE_GAMMA UNITY_LIGHT_PROBE_PROXY_VOLUME UNITY_LIGHTMAP_RGBM_ENCODING ok=1
Cmd: compileSnippet
  api=4 type=0 insize=15433 outsize=2030 kw=DIRECTIONAL LIGHTPROBE_SH pd=UNITY_ENABLE_REFLECTION_BUFFERS UNITY_USE_DITHER_MASK_FOR_ALPHABLENDED_SHADOWS UNITY_PBS_USE_BRDF1 UNITY_SPECCUBE_BOX_PROJECTION UNITY_SPECCUBE_BLENDING UNITY_ENABLE_DETAIL_NORMALMAP SHADER_API_DESKTOP UNITY_COLORSPACE_GAMMA UNITY_LIGHT_PROBE_PROXY_VOLUME UNITY_LIGHTMAP_RGBM_ENCODING ok=1
Cmd: compileSnippet
  api=4 type=1 insize=15433 outsize=1882 kw=DIRECTIONAL LIGHTPROBE_SH pd=UNITY_ENABLE_REFLECTION_BUFFERS UNITY_USE_DITHER_MASK_FOR_ALPHABLENDED_SHADOWS UNITY_PBS_USE_BRDF1 UNITY_SPECCUBE_BOX_PROJECTION UNITY_SPECCUBE_BLENDING UNITY_ENABLE_DETAIL_NORMALMAP SHADER_API_DESKTOP UNITY_COLORSPACE_GAMMA UNITY_LIGHT_PROBE_PROXY_VOLUME UNITY_LIGHTMAP_RGBM_ENCODING ok=1
Cmd: compileSnippet
  api=4 type=0 insize=4456 outsize=1150 kw=DIRECTIONAL pd=UNITY_ENABLE_REFLECTION_BUFFERS UNITY_USE_DITHER_MASK_FOR_ALPHABLENDED_SHADOWS UNITY_PBS_USE_BRDF1 UNITY_SPECCUBE_BOX_PROJECTION UNITY_SPECCUBE_BLENDING UNITY_ENABLE_DETAIL_NORMALMAP SHADER_API_DESKTOP UNITY_COLORSPACE_GAMMA UNITY_LIGHT_PROBE_PROXY_VOLUME UNITY_LIGHTMAP_RGBM_ENCODING ok=1
Cmd: compileSnippet
  api=4 type=1 insize=4456 outsize=1642 kw=DIRECTIONAL pd=UNITY_ENABLE_REFLECTION_BUFFERS UNITY_USE_DITHER_MASK_FOR_ALPHABLENDED_SHADOWS UNITY_PBS_USE_BRDF1 UNITY_SPECCUBE_BOX_PROJECTION UNITY_SPECCUBE_BLENDING UNITY_ENABLE_DETAIL_NORMALMAP SHADER_API_DESKTOP UNITY_COLORSPACE_GAMMA UNITY_LIGHT_PROBE_PROXY_VOLUME UNITY_LIGHTMAP_RGBM_ENCODING ok=1
Cmd: compileSnippet
  api=4 type=0 insize=1581 outsize=790 kw= pd=UNITY_ENABLE_REFLECTION_BUFFERS UNITY_USE_DITHER_MASK_FOR_ALPHABLENDED_SHADOWS UNITY_PBS_USE_BRDF1 UNITY_SPECCUBE_BOX_PROJECTION UNITY_SPECCUBE_BLENDING UNITY_ENABLE_DETAIL_NORMALMAP SHADER_API_DESKTOP UNITY_COLORSPACE_GAMMA UNITY_LIGHT_PROBE_PROXY_VOLUME UNITY_LIGHTMAP_RGBM_ENCODING ok=1
Cmd: compileSnippet
  api=4 type=1 insize=1581 outsize=374 kw= pd=UNITY_ENABLE_REFLECTION_BUFFERS UNITY_USE_DITHER_MASK_FOR_ALPHABLENDED_SHADOWS UNITY_PBS_USE_BRDF1 UNITY_SPECCUBE_BOX_PROJECTION UNITY_SPECCUBE_BLENDING UNITY_ENABLE_DETAIL_NORMALMAP SHADER_API_DESKTOP UNITY_COLORSPACE_GAMMA UNITY_LIGHT_PROBE_PROXY_VOLUME UNITY_LIGHTMAP_RGBM_ENCODING ok=1
Cmd: compileSnippet
  api=4 type=0 insize=2681 outsize=790 kw= pd=UNITY_ENABLE_REFLECTION_BUFFERS UNITY_USE_DITHER_MASK_FOR_ALPHABLENDED_SHADOWS UNITY_PBS_USE_BRDF1 UNITY_SPECCUBE_BOX_PROJECTION UNITY_SPECCUBE_BLENDING UNITY_ENABLE_DETAIL_NORMALMAP SHADER_API_DESKTOP UNITY_COLORSPACE_GAMMA UNITY_LIGHT_PROBE_PROXY_VOLUME UNITY_LIGHTMAP_RGBM_ENCODING ok=1
Cmd: compileSnippet
  api=4 type=1 insize=2681 outsize=542 kw= pd=UNITY_ENABLE_REFLECTION_BUFFERS UNITY_USE_DITHER_MASK_FOR_ALPHABLENDED_SHADOWS UNITY_PBS_USE_BRDF1 UNITY_SPECCUBE_BOX_PROJECTION UNITY_SPECCUBE_BLENDING UNITY_ENABLE_DETAIL_NORMALMAP SHADER_API_DESKTOP UNITY_COLORSPACE_GAMMA UNITY_LIGHT_PROBE_PROXY_VOLUME UNITY_LIGHTMAP_RGBM_ENCODING ok=1
Cmd: compileSnippet
  api=4 type=0 insize=2718 outsize=802 kw= pd=UNITY_ENABLE_REFLECTION_BUFFERS UNITY_USE_DITHER_MASK_FOR_ALPHABLENDED_SHADOWS UNITY_PBS_USE_BRDF1 UNITY_SPECCUBE_BOX_PROJECTION UNITY_SPECCUBE_BLENDING UNITY_ENABLE_DETAIL_NORMALMAP SHADER_API_DESKTOP UNITY_COLORSPACE_GAMMA UNITY_LIGHT_PROBE_PROXY_VOLUME UNITY_LIGHTMAP_RGBM_ENCODING ok=1
Cmd: compileSnippet
  api=4 type=1 insize=2718 outsize=442 kw= pd=UNITY_ENABLE_REFLECTION_BUFFERS UNITY_USE_DITHER_MASK_FOR_ALPHABLENDED_SHADOWS UNITY_PBS_USE_BRDF1 UNITY_SPECCUBE_BOX_PROJECTION UNITY_SPECCUBE_BLENDING UNITY_ENABLE_DETAIL_NORMALMAP SHADER_API_DESKTOP UNITY_COLORSPACE_GAMMA UNITY_LIGHT_PROBE_PROXY_VOLUME UNITY_LIGHTMAP_RGBM_ENCODING ok=1
Cmd: compileSnippet
  api=4 type=0 insize=1110 outsize=1414 kw=SHADOWS_DEPTH pd=UNITY_ENABLE_REFLECTION_BUFFERS UNITY_USE_DITHER_MASK_FOR_ALPHABLENDED_SHADOWS UNITY_PBS_USE_BRDF1 UNITY_SPECCUBE_BOX_PROJECTION UNITY_SPECCUBE_BLENDING UNITY_ENABLE_DETAIL_NORMALMAP SHADER_API_DESKTOP UNITY_COLORSPACE_GAMMA UNITY_LIGHT_PROBE_PROXY_VOLUME UNITY_LIGHTMAP_RGBM_ENCODING ok=1
Cmd: compileSnippet
  api=4 type=1 insize=1110 outsize=218 kw=SHADOWS_DEPTH pd=UNITY_ENABLE_REFLECTION_BUFFERS UNITY_USE_DITHER_MASK_FOR_ALPHABLENDED_SHADOWS UNITY_PBS_USE_BRDF1 UNITY_SPECCUBE_BOX_PROJECTION UNITY_SPECCUBE_BLENDING UNITY_ENABLE_DETAIL_NORMALMAP SHADER_API_DESKTOP UNITY_COLORSPACE_GAMMA UNITY_LIGHT_PROBE_PROXY_VOLUME UNITY_LIGHTMAP_RGBM_ENCODING ok=1
Cmd: compileSnippet
  api=4 type=0 insize=1468 outsize=1806 kw=DIRECTIONAL LIGHTPROBE_SH pd=UNITY_ENABLE_REFLECTION_BUFFERS UNITY_USE_DITHER_MASK_FOR_ALPHABLENDED_SHADOWS UNITY_PBS_USE_BRDF1 UNITY_SPECCUBE_BOX_PROJECTION UNITY_SPECCUBE_BLENDING UNITY_ENABLE_DETAIL_NORMALMAP SHADER_API_DESKTOP UNITY_COLORSPACE_GAMMA UNITY_LIGHT_PROBE_PROXY_VOLUME UNITY_LIGHTMAP_RGBM_ENCODING ok=1
Cmd: compileSnippet
  api=4 type=1 insize=1468 outsize=6790 kw=DIRECTIONAL LIGHTPROBE_SH pd=UNITY_ENABLE_REFLECTION_BUFFERS UNITY_USE_DITHER_MASK_FOR_ALPHABLENDED_SHADOWS UNITY_PBS_USE_BRDF1 UNITY_SPECCUBE_BOX_PROJECTION UNITY_SPECCUBE_BLENDING UNITY_ENABLE_DETAIL_NORMALMAP SHADER_API_DESKTOP UNITY_COLORSPACE_GAMMA UNITY_LIGHT_PROBE_PROXY_VOLUME UNITY_LIGHTMAP_RGBM_ENCODING ok=1
Cmd: compileSnippet
  api=4 type=0 insize=1330 outsize=1602 kw=DIRECTIONAL pd=UNITY_ENABLE_REFLECTION_BUFFERS UNITY_USE_DITHER_MASK_FOR_ALPHABLENDED_SHADOWS UNITY_PBS_USE_BRDF1 UNITY_SPECCUBE_BOX_PROJECTION UNITY_SPECCUBE_BLENDING UNITY_ENABLE_DETAIL_NORMALMAP SHADER_API_DESKTOP UNITY_COLORSPACE_GAMMA UNITY_LIGHT_PROBE_PROXY_VOLUME UNITY_LIGHTMAP_RGBM_ENCODING ok=1
Cmd: compileSnippet
  api=4 type=1 insize=1330 outsize=3354 kw=DIRECTIONAL pd=UNITY_ENABLE_REFLECTION_BUFFERS UNITY_USE_DITHER_MASK_FOR_ALPHABLENDED_SHADOWS UNITY_PBS_USE_BRDF1 UNITY_SPECCUBE_BOX_PROJECTION UNITY_SPECCUBE_BLENDING UNITY_ENABLE_DETAIL_NORMALMAP SHADER_API_DESKTOP UNITY_COLORSPACE_GAMMA UNITY_LIGHT_PROBE_PROXY_VOLUME UNITY_LIGHTMAP_RGBM_ENCODING ok=1
